IP Generator (Version 2022.2-SP6.4 build 146967)
Check out license ...
Start generating at 2025-02-19 17:43
Instance: fifo_line_buffer_1bit (D:\2L676demo\img_bin__ero_dil_sim_prj\img_bin_sim_prj\ipcore\fifo_line_buffer_1bit\fifo_line_buffer_1bit.idf)
IP: Pango DRM Based FIFO (1.10)
Part: Logos2-PG2L100H-FBG676--6
Create directory 'rtl' ...
Copy 'rtl\ipm2l_fifo_ctrl_v1_1.v.xml' to 'rtl' ...
Copy 'rtl\ipm2l_fifo_v1_10.v.xml' to 'rtl' ...
Copy 'rtl\ipm2l_sdpram_v1_10.v.xml' to 'rtl' ...
Compile file 'rtl\ipm2l_sdpram_v1_10.v.xml' to 'rtl\ipm2l_sdpram_v1_10_fifo_line_buffer_1bit.v' ...
Compile file 'rtl\ipm2l_fifo_v1_10.v.xml' to 'rtl\ipm2l_fifo_v1_10_fifo_line_buffer_1bit.v' ...
Compile file 'rtl\ipm2l_fifo_ctrl_v1_1.v.xml' to 'rtl\ipm2l_fifo_ctrl_v1_1_fifo_line_buffer_1bit.v' ...
Copy 'ipm2l_fifo_wrapper_v1_10.v.xml' ...
Compile file 'ipm2l_fifo_wrapper_v1_10.v.xml' to 'fifo_line_buffer_1bit.v' ...
Found top module 'fifo_line_buffer_1bit' in file 'fifo_line_buffer_1bit.v'.
Copy 'ipm2l_fifo_wrapper_v1_0_tb.v.xml' ...
Compile file 'ipm2l_fifo_wrapper_v1_0_tb.v.xml' to 'fifo_line_buffer_1bit_tb.v' ...
Run file 'creatResetValue.tcl' ...
Create template file 'fifo_line_buffer_1bit_tmpl.v' ...
Create template file 'fifo_line_buffer_1bit_tmpl.vhdl' ...
There are 4 source files to synthesize.
Synthesis is disabled.
Done: 0 error(s), 0 warning(s)
