#Build: Fabric Inserter 2022.2-SP6.4, Build 146967, Jan 31 01:39 2024
#Install: G:\pango\PDS_2022.2-SP6.4\bin
#Application name: cdt_ins.exe
#OS: Windows 10 10.0.26100
#Hostname: LAPTOP-EFT083AS
Generated by Fabric Inserter (version 2022.2-SP6.4 build 146967) at Wed Oct 29 20:15:41 2025
*************************************************************************
*
*  Parsing design. Please be patient as this can take several minutes.
*
*************************************************************************
Compiling architecture definition.
Loading technology operator library.
Compiling technology operator library.
Compiling technology operator (valence) library.
W: Adm-4001: Attribute 'syn_encoding' is not supported. It is ignored.
W: Adm-4001: Attribute 'syn_encoding' is not supported. It is ignored.
W: Adm-4001: Attribute 'syn_encoding' is not supported. It is ignored.
W: Adm-4001: Attribute 'syn_encoding' is not supported. It is ignored.
W: Adm-4001: Attribute 'syn_encoding' is not supported. It is ignored.
W: Adm-4001: Attribute 'syn_encoding' is not supported. It is ignored.
W: Adm-4001: Attribute 'syn_encoding' is not supported. It is ignored.
W: Adm-4001: Attribute 'syn_encoding' is not supported. It is ignored.
W: Adm-4001: Attribute 'syn_encoding' is not supported. It is ignored.
W: Adm-4001: Attribute 'syn_encoding' is not supported. It is ignored.
W: Adm-4001: Attribute 'syn_encoding' is not supported. It is ignored.
W: Adm-4001: Attribute 'syn_encoding' is not supported. It is ignored.
W: Adm-4001: Attribute 'syn_encoding' is not supported. It is ignored.
W: Adm-4001: Attribute 'syn_encoding' is not supported. It is ignored.
W: Adm-4001: Attribute 'syn_encoding' is not supported. It is ignored.
W: Adm-4001: Attribute 'syn_encoding' is not supported. It is ignored.
W: Adm-4001: Attribute 'syn_encoding' is not supported. It is ignored.
W: Adm-4001: Attribute 'syn_encoding' is not supported. It is ignored.
W: Adm-4001: Attribute 'syn_encoding' is not supported. It is ignored.
W: Adm-4001: Attribute 'syn_encoding' is not supported. It is ignored.
W: Adm-4001: Attribute 'syn_encoding' is not supported. It is ignored.
W: Adm-4001: Attribute 'syn_encoding' is not supported. It is ignored.
W: Adm-4001: Attribute 'syn_encoding' is not supported. It is ignored.
W: Adm-4001: Attribute 'syn_encoding' is not supported. It is ignored.
W: Adm-4001: Attribute 'syn_encoding' is not supported. It is ignored.
W: Adm-4001: Attribute 'syn_encoding' is not supported. It is ignored.
W: Adm-4001: Attribute 'syn_encoding' is not supported. It is ignored.
W: Adm-4001: Attribute 'syn_encoding' is not supported. It is ignored.
W: Adm-4001: Attribute 'syn_encoding' is not supported. It is ignored.
W: Adm-4001: Attribute 'syn_encoding' is not supported. It is ignored.
W: Adm-4001: Attribute 'syn_encoding' is not supported. It is ignored.
W: Adm-4001: Attribute 'syn_encoding' is not supported. It is ignored.
W: Adm-4001: Attribute 'syn_encoding' is not supported. It is ignored.
W: Adm-4001: Attribute 'syn_encoding' is not supported. It is ignored.
W: Adm-4001: Attribute 'syn_encoding' is not supported. It is ignored.
W: Adm-4001: Attribute 'syn_encoding' is not supported. It is ignored.
W: Adm-4001: Attribute 'syn_encoding' is not supported. It is ignored.
W: Adm-4001: Attribute 'syn_encoding' is not supported. It is ignored.
W: Adm-4001: Attribute 'syn_encoding' is not supported. It is ignored.
W: Adm-4001: Attribute 'syn_encoding' is not supported. It is ignored.
W: Adm-4001: Attribute 'syn_encoding' is not supported. It is ignored.
W: Adm-4001: Attribute 'syn_encoding' is not supported. It is ignored.
W: Adm-4001: Attribute 'syn_encoding' is not supported. It is ignored.
W: Adm-4001: Attribute 'syn_encoding' is not supported. It is ignored.
W: Adm-4001: Attribute 'syn_encoding' is not supported. It is ignored.
W: Adm-4001: Attribute 'syn_encoding' is not supported. It is ignored.
W: Adm-4001: Attribute 'syn_encoding' is not supported. It is ignored.
W: Adm-4001: Attribute 'syn_encoding' is not supported. It is ignored.
W: Adm-4001: Attribute 'syn_encoding' is not supported. It is ignored.
W: Adm-4001: Attribute 'syn_encoding' is not supported. It is ignored.
W: Adm-4001: Attribute 'syn_encoding' is not supported. It is ignored.
W: Adm-4001: Attribute 'syn_encoding' is not supported. It is ignored.
W: Adm-4001: Attribute 'syn_encoding' is not supported. It is ignored.
W: Adm-4001: Attribute 'syn_encoding' is not supported. It is ignored.
W: Adm-4001: Attribute 'syn_encoding' is not supported. It is ignored.
W: Adm-4001: Attribute 'syn_encoding' is not supported. It is ignored.
W: Adm-4001: Attribute 'syn_encoding' is not supported. It is ignored.
W: Adm-4001: Attribute 'syn_encoding' is not supported. It is ignored.
W: Adm-4001: Attribute 'syn_encoding' is not supported. It is ignored.
W: Adm-4001: Attribute 'syn_encoding' is not supported. It is ignored.
W: Adm-4001: Attribute 'syn_encoding' is not supported. It is ignored.
W: Adm-4001: Attribute 'syn_encoding' is not supported. It is ignored.
W: Adm-4001: Attribute 'syn_encoding' is not supported. It is ignored.
W: Adm-4001: Attribute 'syn_encoding' is not supported. It is ignored.
W: Adm-4001: Attribute 'syn_encoding' is not supported. It is ignored.
W: Adm-4001: Attribute 'syn_encoding' is not supported. It is ignored.
W: Adm-4001: Attribute 'syn_encoding' is not supported. It is ignored.
W: Adm-4001: Attribute 'syn_encoding' is not supported. It is ignored.
W: Adm-4001: Attribute 'syn_encoding' is not supported. It is ignored.
W: Adm-4001: Attribute 'syn_encoding' is not supported. It is ignored.
W: Adm-4001: Attribute 'syn_encoding' is not supported. It is ignored.
W: Adm-4001: Attribute 'syn_encoding' is not supported. It is ignored.
W: Adm-4001: Attribute 'syn_encoding' is not supported. It is ignored.
W: Adm-4001: Attribute 'syn_encoding' is not supported. It is ignored.
W: Adm-4001: Attribute 'syn_encoding' is not supported. It is ignored.
W: Adm-4001: Attribute 'syn_encoding' is not supported. It is ignored.
W: Adm-4001: Attribute 'syn_encoding' is not supported. It is ignored.
W: Adm-4001: Attribute 'syn_encoding' is not supported. It is ignored.
W: Adm-4001: Attribute 'syn_encoding' is not supported. It is ignored.
W: Adm-4001: Attribute 'syn_encoding' is not supported. It is ignored.
W: Adm-4001: Attribute 'syn_encoding' is not supported. It is ignored.
W: Adm-4001: Attribute 'syn_encoding' is not supported. It is ignored.
W: Adm-4001: Attribute 'syn_encoding' is not supported. It is ignored.
W: Adm-4001: Attribute 'syn_encoding' is not supported. It is ignored.
W: Adm-4001: Attribute 'syn_encoding' is not supported. It is ignored.
W: Adm-4001: Attribute 'syn_encoding' is not supported. It is ignored.
W: Adm-4001: Attribute 'syn_encoding' is not supported. It is ignored.
W: Adm-4001: Attribute 'syn_encoding' is not supported. It is ignored.
W: Adm-4001: Attribute 'syn_encoding' is not supported. It is ignored.
W: Adm-4001: Attribute 'syn_encoding' is not supported. It is ignored.
W: Adm-4001: Attribute 'syn_encoding' is not supported. It is ignored.
W: Adm-4001: Attribute 'syn_encoding' is not supported. It is ignored.
W: Adm-4001: Attribute 'syn_encoding' is not supported. It is ignored.
W: Adm-4001: Attribute 'syn_encoding' is not supported. It is ignored.
W: Adm-4001: Attribute 'syn_encoding' is not supported. It is ignored.
W: Adm-4001: Attribute 'syn_encoding' is not supported. It is ignored.
W: Adm-4001: Attribute 'syn_encoding' is not supported. It is ignored.
W: Adm-4001: Attribute 'syn_encoding' is not supported. It is ignored.
W: Adm-4001: Attribute 'syn_encoding' is not supported. It is ignored.
W: Adm-4001: Attribute 'syn_encoding' is not supported. It is ignored.
W: Adm-4001: Attribute 'syn_encoding' is not supported. It is ignored.
W: Adm-4001: Attribute 'syn_encoding' is not supported. It is ignored.
W: Adm-4001: Attribute 'syn_encoding' is not supported. It is ignored.
W: Adm-4001: Attribute 'syn_encoding' is not supported. It is ignored.
W: Adm-4001: Attribute 'syn_encoding' is not supported. It is ignored.
W: Adm-4001: Attribute 'syn_encoding' is not supported. It is ignored.
W: Adm-4001: Attribute 'syn_encoding' is not supported. It is ignored.
W: Adm-4001: Attribute 'syn_encoding' is not supported. It is ignored.
W: Adm-4001: Attribute 'syn_encoding' is not supported. It is ignored.
W: Adm-4001: Attribute 'syn_encoding' is not supported. It is ignored.
W: Adm-4001: Attribute 'syn_encoding' is not supported. It is ignored.
W: Adm-4001: Attribute 'syn_encoding' is not supported. It is ignored.
W: Adm-4001: Attribute 'syn_encoding' is not supported. It is ignored.
W: Adm-4001: Attribute 'syn_encoding' is not supported. It is ignored.
W: Adm-4001: Attribute 'syn_encoding' is not supported. It is ignored.
W: Adm-4001: Attribute 'syn_encoding' is not supported. It is ignored.
W: Adm-4001: Attribute 'syn_encoding' is not supported. It is ignored.
W: Adm-4001: Attribute 'syn_encoding' is not supported. It is ignored.
W: Adm-4001: Attribute 'syn_encoding' is not supported. It is ignored.
W: Adm-4001: Attribute 'syn_encoding' is not supported. It is ignored.
W: Adm-4001: Attribute 'syn_encoding' is not supported. It is ignored.
W: Adm-4001: Attribute 'syn_encoding' is not supported. It is ignored.
W: Adm-4001: Attribute 'syn_encoding' is not supported. It is ignored.
W: Adm-4001: Attribute 'syn_encoding' is not supported. It is ignored.
W: Adm-4001: Attribute 'syn_encoding' is not supported. It is ignored.
W: Adm-4001: Attribute 'syn_encoding' is not supported. It is ignored.
W: Adm-4001: Attribute 'syn_encoding' is not supported. It is ignored.
W: Adm-4001: Attribute 'syn_encoding' is not supported. It is ignored.
W: Adm-4001: Attribute 'syn_encoding' is not supported. It is ignored.
W: Adm-4001: Attribute 'syn_encoding' is not supported. It is ignored.
W: Adm-4001: Attribute 'syn_encoding' is not supported. It is ignored.
W: Adm-4001: Attribute 'syn_encoding' is not supported. It is ignored.
W: Adm-4001: Attribute 'syn_encoding' is not supported. It is ignored.
W: Adm-4001: Attribute 'syn_encoding' is not supported. It is ignored.
W: Adm-4001: Attribute 'syn_encoding' is not supported. It is ignored.
W: Adm-4001: Attribute 'syn_encoding' is not supported. It is ignored.
W: Adm-4001: Attribute 'syn_encoding' is not supported. It is ignored.
W: Adm-4001: Attribute 'syn_encoding' is not supported. It is ignored.
W: Adm-4001: Attribute 'syn_encoding' is not supported. It is ignored.
W: Adm-4001: Attribute 'syn_encoding' is not supported. It is ignored.
W: Adm-4001: Attribute 'syn_encoding' is not supported. It is ignored.
W: Adm-4001: Attribute 'syn_encoding' is not supported. It is ignored.
W: Adm-4001: Attribute 'syn_encoding' is not supported. It is ignored.
W: Adm-4001: Attribute 'syn_encoding' is not supported. It is ignored.
W: Adm-4001: Attribute 'syn_encoding' is not supported. It is ignored.
W: Adm-4001: Attribute 'syn_encoding' is not supported. It is ignored.
W: Adm-4001: Attribute 'syn_encoding' is not supported. It is ignored.
W: Adm-4001: Attribute 'syn_encoding' is not supported. It is ignored.
W: Adm-4001: Attribute 'syn_encoding' is not supported. It is ignored.
W: Adm-4001: Attribute 'syn_encoding' is not supported. It is ignored.
W: Adm-4001: Attribute 'syn_encoding' is not supported. It is ignored.
W: Adm-4001: Attribute 'syn_encoding' is not supported. It is ignored.
W: Adm-4001: Attribute 'syn_encoding' is not supported. It is ignored.
W: Adm-4001: Attribute 'syn_encoding' is not supported. It is ignored.
W: Adm-4001: Attribute 'syn_encoding' is not supported. It is ignored.
W: Adm-4001: Attribute 'syn_encoding' is not supported. It is ignored.
W: Adm-4001: Attribute 'syn_encoding' is not supported. It is ignored.
W: Adm-4001: Attribute 'syn_encoding' is not supported. It is ignored.
W: Adm-4001: Attribute 'syn_encoding' is not supported. It is ignored.
W: Adm-4001: Attribute 'syn_encoding' is not supported. It is ignored.
W: Adm-4001: Attribute 'syn_encoding' is not supported. It is ignored.
W: Adm-4001: Attribute 'syn_encoding' is not supported. It is ignored.
W: Adm-4001: Attribute 'syn_encoding' is not supported. It is ignored.
W: Adm-4001: Attribute 'syn_encoding' is not supported. It is ignored.
W: Adm-4001: Attribute 'syn_encoding' is not supported. It is ignored.
W: Adm-4001: Attribute 'syn_encoding' is not supported. It is ignored.
W: Adm-4001: Attribute 'syn_encoding' is not supported. It is ignored.
W: Adm-4001: Attribute 'syn_encoding' is not supported. It is ignored.
W: Adm-4001: Attribute 'syn_encoding' is not supported. It is ignored.
W: Adm-4001: Attribute 'syn_encoding' is not supported. It is ignored.
W: Adm-4001: Attribute 'syn_encoding' is not supported. It is ignored.
W: Adm-4001: Attribute 'syn_encoding' is not supported. It is ignored.
W: Adm-4001: Attribute 'syn_encoding' is not supported. It is ignored.
W: Adm-4001: Attribute 'syn_encoding' is not supported. It is ignored.
W: Adm-4001: Attribute 'syn_encoding' is not supported. It is ignored.
W: Adm-4001: Attribute 'syn_encoding' is not supported. It is ignored.
W: Adm-4001: Attribute 'syn_encoding' is not supported. It is ignored.
W: Adm-4001: Attribute 'syn_encoding' is not supported. It is ignored.
W: Adm-4001: Attribute 'syn_encoding' is not supported. It is ignored.
W: Adm-4001: Attribute 'syn_encoding' is not supported. It is ignored.
W: Adm-4001: Attribute 'syn_encoding' is not supported. It is ignored.
W: Adm-4001: Attribute 'syn_encoding' is not supported. It is ignored.
W: Adm-4001: Attribute 'syn_encoding' is not supported. It is ignored.
W: Adm-4001: Attribute 'syn_encoding' is not supported. It is ignored.
W: Adm-4001: Attribute 'syn_encoding' is not supported. It is ignored.
W: Adm-4001: Attribute 'syn_encoding' is not supported. It is ignored.
W: Adm-4001: Attribute 'syn_encoding' is not supported. It is ignored.
W: Adm-4001: Attribute 'syn_encoding' is not supported. It is ignored.
W: Adm-4001: Attribute 'syn_encoding' is not supported. It is ignored.
W: Adm-4001: Attribute 'syn_encoding' is not supported. It is ignored.
W: Adm-4001: Attribute 'syn_encoding' is not supported. It is ignored.
W: Adm-4001: Attribute 'syn_encoding' is not supported. It is ignored.
W: Adm-4001: Attribute 'syn_encoding' is not supported. It is ignored.
W: Adm-4001: Attribute 'syn_encoding' is not supported. It is ignored.
W: Adm-4001: Attribute 'syn_encoding' is not supported. It is ignored.
W: Adm-4001: Attribute 'syn_encoding' is not supported. It is ignored.
W: Adm-4001: Attribute 'syn_encoding' is not supported. It is ignored.
W: Adm-4001: Attribute 'syn_encoding' is not supported. It is ignored.
W: Adm-4001: Attribute 'syn_encoding' is not supported. It is ignored.
W: Adm-4001: Attribute 'syn_encoding' is not supported. It is ignored.
W: Adm-4001: Attribute 'syn_encoding' is not supported. It is ignored.
W: Adm-4001: Attribute 'syn_encoding' is not supported. It is ignored.
W: Adm-4001: Attribute 'syn_encoding' is not supported. It is ignored.
W: Adm-4001: Attribute 'syn_encoding' is not supported. It is ignored.
W: Adm-4001: Attribute 'syn_encoding' is not supported. It is ignored.
W: Adm-4001: Attribute 'syn_encoding' is not supported. It is ignored.
W: Adm-4001: Attribute 'syn_encoding' is not supported. It is ignored.
W: Adm-4001: Attribute 'syn_encoding' is not supported. It is ignored.
W: Adm-4001: Attribute 'syn_encoding' is not supported. It is ignored.
W: Adm-4001: Attribute 'syn_encoding' is not supported. It is ignored.
W: Adm-4001: Attribute 'syn_encoding' is not supported. It is ignored.
W: Adm-4001: Attribute 'syn_encoding' is not supported. It is ignored.
W: Adm-4001: Attribute 'syn_encoding' is not supported. It is ignored.
W: Adm-4001: Attribute 'syn_encoding' is not supported. It is ignored.
W: Adm-4001: Attribute 'syn_encoding' is not supported. It is ignored.
W: Adm-4001: Attribute 'syn_encoding' is not supported. It is ignored.
W: Adm-4001: Attribute 'syn_encoding' is not supported. It is ignored.
W: Adm-4001: Attribute 'syn_encoding' is not supported. It is ignored.
W: Adm-4001: Attribute 'syn_encoding' is not supported. It is ignored.
W: Adm-4001: Attribute 'syn_encoding' is not supported. It is ignored.
W: Adm-4001: Attribute 'syn_encoding' is not supported. It is ignored.
W: Adm-4001: Attribute 'syn_encoding' is not supported. It is ignored.
W: Adm-4001: Attribute 'syn_encoding' is not supported. It is ignored.
W: Adm-4001: Attribute 'syn_encoding' is not supported. It is ignored.
W: Adm-4001: Attribute 'syn_encoding' is not supported. It is ignored.
W: Adm-4001: Attribute 'syn_encoding' is not supported. It is ignored.
W: Adm-4001: Attribute 'syn_encoding' is not supported. It is ignored.
W: Adm-4001: Attribute 'syn_encoding' is not supported. It is ignored.
W: Adm-4001: Attribute 'syn_encoding' is not supported. It is ignored.
W: Adm-4001: Attribute 'syn_encoding' is not supported. It is ignored.
W: Adm-4001: Attribute 'syn_encoding' is not supported. It is ignored.
W: Adm-4001: Attribute 'syn_encoding' is not supported. It is ignored.
W: Adm-4001: Attribute 'syn_encoding' is not supported. It is ignored.
W: Adm-4001: Attribute 'syn_encoding' is not supported. It is ignored.
W: Adm-4001: Attribute 'syn_encoding' is not supported. It is ignored.
W: Adm-4001: Attribute 'syn_encoding' is not supported. It is ignored.
W: Adm-4001: Attribute 'syn_encoding' is not supported. It is ignored.
W: Adm-4001: Attribute 'syn_encoding' is not supported. It is ignored.
W: Adm-4001: Attribute 'syn_encoding' is not supported. It is ignored.
W: Adm-4001: Attribute 'syn_encoding' is not supported. It is ignored.
W: Adm-4001: Attribute 'syn_encoding' is not supported. It is ignored.
W: Adm-4001: Attribute 'syn_encoding' is not supported. It is ignored.
W: Adm-4001: Attribute 'syn_encoding' is not supported. It is ignored.
W: Adm-4001: Attribute 'syn_encoding' is not supported. It is ignored.
W: Adm-4001: Attribute 'syn_encoding' is not supported. It is ignored.
W: Adm-4001: Attribute 'syn_encoding' is not supported. It is ignored.
W: Adm-4001: Attribute 'syn_encoding' is not supported. It is ignored.
W: Adm-4001: Attribute 'syn_encoding' is not supported. It is ignored.
W: Adm-4001: Attribute 'syn_encoding' is not supported. It is ignored.
W: Adm-4001: Attribute 'syn_encoding' is not supported. It is ignored.
W: Adm-4001: Attribute 'syn_encoding' is not supported. It is ignored.
W: Adm-4001: Attribute 'syn_encoding' is not supported. It is ignored.
W: Adm-4001: Attribute 'syn_encoding' is not supported. It is ignored.
W: Adm-4001: Attribute 'syn_encoding' is not supported. It is ignored.
W: Adm-4001: Attribute 'syn_encoding' is not supported. It is ignored.
W: Adm-4001: Attribute 'syn_encoding' is not supported. It is ignored.
W: Adm-4001: Attribute 'syn_encoding' is not supported. It is ignored.
W: Adm-4001: Attribute 'syn_encoding' is not supported. It is ignored.
W: Adm-4001: Attribute 'syn_encoding' is not supported. It is ignored.
W: Adm-4001: Attribute 'syn_encoding' is not supported. It is ignored.
W: Adm-4001: Attribute 'syn_encoding' is not supported. It is ignored.
W: Adm-4001: Attribute 'syn_encoding' is not supported. It is ignored.
W: Adm-4001: Attribute 'syn_encoding' is not supported. It is ignored.
W: Adm-4001: Attribute 'syn_encoding' is not supported. It is ignored.
W: Adm-4001: Attribute 'syn_encoding' is not supported. It is ignored.
W: Adm-4001: Attribute 'syn_encoding' is not supported. It is ignored.
W: Adm-4001: Attribute 'syn_encoding' is not supported. It is ignored.
W: Adm-4001: Attribute 'syn_encoding' is not supported. It is ignored.
W: Adm-4001: Attribute 'syn_encoding' is not supported. It is ignored.
W: Adm-4001: Attribute 'syn_encoding' is not supported. It is ignored.
W: Adm-4001: Attribute 'syn_encoding' is not supported. It is ignored.
W: Adm-4001: Attribute 'syn_encoding' is not supported. It is ignored.
W: Adm-4001: Attribute 'syn_encoding' is not supported. It is ignored.
W: Adm-4001: Attribute 'syn_encoding' is not supported. It is ignored.
W: Adm-4001: Attribute 'syn_encoding' is not supported. It is ignored.
W: Adm-4001: Attribute 'syn_encoding' is not supported. It is ignored.
W: Adm-4001: Attribute 'syn_encoding' is not supported. It is ignored.
W: Adm-4001: Attribute 'syn_encoding' is not supported. It is ignored.
W: Adm-4001: Attribute 'syn_encoding' is not supported. It is ignored.
W: Adm-4001: Attribute 'syn_encoding' is not supported. It is ignored.
W: Adm-4001: Attribute 'syn_encoding' is not supported. It is ignored.
W: Adm-4001: Attribute 'syn_encoding' is not supported. It is ignored.
W: Adm-4001: Attribute 'syn_encoding' is not supported. It is ignored.
W: Adm-4001: Attribute 'syn_encoding' is not supported. It is ignored.
W: Adm-4001: Attribute 'syn_encoding' is not supported. It is ignored.
W: Adm-4001: Attribute 'syn_encoding' is not supported. It is ignored.
W: Adm-4001: Attribute 'syn_encoding' is not supported. It is ignored.
W: Adm-4001: Attribute 'syn_encoding' is not supported. It is ignored.
W: Adm-4001: Attribute 'syn_encoding' is not supported. It is ignored.
W: Adm-4001: Attribute 'syn_encoding' is not supported. It is ignored.
W: Adm-4001: Attribute 'syn_encoding' is not supported. It is ignored.
W: Adm-4001: Attribute 'syn_encoding' is not supported. It is ignored.
W: Adm-4001: Attribute 'syn_encoding' is not supported. It is ignored.
W: Adm-4001: Attribute 'syn_encoding' is not supported. It is ignored.
W: Adm-4001: Attribute 'syn_encoding' is not supported. It is ignored.
W: Adm-4001: Attribute 'syn_encoding' is not supported. It is ignored.
W: Adm-4001: Attribute 'syn_encoding' is not supported. It is ignored.
W: Adm-4001: Attribute 'syn_encoding' is not supported. It is ignored.
W: Adm-4001: Attribute 'syn_encoding' is not supported. It is ignored.
W: Adm-4001: Attribute 'syn_encoding' is not supported. It is ignored.
W: Adm-4001: Attribute 'syn_encoding' is not supported. It is ignored.
W: Adm-4001: Attribute 'syn_encoding' is not supported. It is ignored.
W: Adm-4001: Attribute 'syn_encoding' is not supported. It is ignored.
W: Adm-4001: Attribute 'syn_encoding' is not supported. It is ignored.
W: Adm-4001: Attribute 'syn_encoding' is not supported. It is ignored.
W: Adm-4001: Attribute 'syn_encoding' is not supported. It is ignored.
W: Adm-4001: Attribute 'syn_encoding' is not supported. It is ignored.
W: Adm-4001: Attribute 'syn_encoding' is not supported. It is ignored.
W: Adm-4001: Attribute 'syn_encoding' is not supported. It is ignored.
W: Adm-4001: Attribute 'syn_encoding' is not supported. It is ignored.
W: Adm-4001: Attribute 'syn_encoding' is not supported. It is ignored.
W: Adm-4001: Attribute 'syn_encoding' is not supported. It is ignored.
W: Adm-4001: Attribute 'syn_encoding' is not supported. It is ignored.
W: Adm-4001: Attribute 'syn_encoding' is not supported. It is ignored.
W: Adm-4001: Attribute 'syn_encoding' is not supported. It is ignored.
W: Adm-4001: Attribute 'syn_encoding' is not supported. It is ignored.
W: Adm-4001: Attribute 'syn_encoding' is not supported. It is ignored.
W: Adm-4001: Attribute 'syn_encoding' is not supported. It is ignored.
W: Adm-4001: Attribute 'syn_encoding' is not supported. It is ignored.
W: Adm-4001: Attribute 'syn_encoding' is not supported. It is ignored.
W: Adm-4001: Attribute 'syn_encoding' is not supported. It is ignored.
W: Adm-4001: Attribute 'syn_encoding' is not supported. It is ignored.
W: Adm-4001: Attribute 'syn_encoding' is not supported. It is ignored.
W: Adm-4001: Attribute 'syn_encoding' is not supported. It is ignored.
W: Adm-4001: Attribute 'syn_encoding' is not supported. It is ignored.
W: Adm-4001: Attribute 'syn_encoding' is not supported. It is ignored.
W: Adm-4001: Attribute 'syn_encoding' is not supported. It is ignored.
W: Adm-4001: Attribute 'syn_encoding' is not supported. It is ignored.
W: Adm-4001: Attribute 'syn_encoding' is not supported. It is ignored.
W: Adm-4001: Attribute 'syn_encoding' is not supported. It is ignored.
W: Adm-4001: Attribute 'syn_encoding' is not supported. It is ignored.
W: Adm-4001: Attribute 'syn_encoding' is not supported. It is ignored.
W: Adm-4001: Attribute 'syn_encoding' is not supported. It is ignored.
W: Adm-4001: Attribute 'syn_encoding' is not supported. It is ignored.
W: Adm-4001: Attribute 'syn_encoding' is not supported. It is ignored.
W: Adm-4001: Attribute 'syn_encoding' is not supported. It is ignored.
W: Adm-4001: Attribute 'syn_encoding' is not supported. It is ignored.
W: Adm-4001: Attribute 'syn_encoding' is not supported. It is ignored.
W: Adm-4001: Attribute 'syn_encoding' is not supported. It is ignored.
W: Adm-4001: Attribute 'syn_encoding' is not supported. It is ignored.
W: Adm-4001: Attribute 'syn_encoding' is not supported. It is ignored.
W: Adm-4001: Attribute 'syn_encoding' is not supported. It is ignored.
W: Adm-4001: Attribute 'syn_encoding' is not supported. It is ignored.
W: Adm-4001: Attribute 'syn_encoding' is not supported. It is ignored.
W: Adm-4001: Attribute 'syn_encoding' is not supported. It is ignored.
W: Adm-4001: Attribute 'syn_encoding' is not supported. It is ignored.
W: Adm-4001: Attribute 'syn_encoding' is not supported. It is ignored.
W: Adm-4001: Attribute 'syn_encoding' is not supported. It is ignored.
W: Adm-4001: Attribute 'syn_encoding' is not supported. It is ignored.
W: Adm-4001: Attribute 'syn_encoding' is not supported. It is ignored.
Compiling file 'G:/pango_prj/bHDMI_IN_DDR3_bin_gauss_ero_time_test/synthesize/HDMI_IN_DDR3_bin_ero_dil_top_syn.adf' successful.
Creating module hierarchy.
Collecting net information.
*************************************************************************
*
*  Design Parsing Done.
*
*************************************************************************
M_PROCESS_FINISH_STARTED

