#Build: Fabric Compiler 2022.2-SP6.4, Build 146967, Jan 31 01:39 2024
#Install: G:\pango\PDS_2022.2-SP6.4\bin
#Application name: pds_shell.exe
#OS: Windows 10 10.0.26100
#Hostname: LAPTOP-EFT083AS
Generated by Fabric Compiler (version 2022.2-SP6.4 build 146967) at Fri Nov  7 14:43:25 2025
Compiling verification operator library.
Compiling common defs.
Compiling prim grid devices.
Compiling gate devices.
Compiling gate operators.
Building architecture model.
Loading device packaging model.
Reading design from DB.
Start Generating Programming File...
Reading design from DB takes 2.468750 sec.
Generating architecture configuration.
The bitstream file is "G:/pango_prj/a_b_c_d_z_test/generate_bitstream/HDMI_IN_DDR3_bin_ero_dil_top.sbit"
Generate programming file takes 11.843750 sec.
Generating Programming File done.
Action gen_bit_stream: Real time elapsed is 0h:0m:23s
Action gen_bit_stream: CPU time elapsed is 0h:0m:20s
Action gen_bit_stream: Process CPU time elapsed is 0h:0m:20s
Current time: Fri Nov  7 14:43:46 2025
Action gen_bit_stream: Peak memory pool usage is 1,385 MB
