#Build: Fabric Compiler 2022.2-SP6.4, Build 146967, Jan 31 01:39 2024
#Install: G:\pango\PDS_2022.2-SP6.4\bin
#Application name: pds.exe
#OS: Windows 10 10.0.26100
#Hostname: LAPTOP-EFT083AS
Generated by Fabric Compiler (version 2022.2-SP6.4 build 146967) at Sat Nov  1 23:38:47 2025
Parse module hierarchy of project 'G:/pango_prj/a_b_success/project/temp_projects/Main_Flow/Main_Flow.pds' (TEXT Parser)
File "G:/pango_prj/a_b_success/project/source/defect.v" has been added to project successfully. 
Parse module hierarchy of project 'G:/pango_prj/a_b_success/project/temp_projects/Main_Flow/Main_Flow.pds' (ADS Parser)
Parse module hierarchy of project 'G:/pango_prj/a_b_success/project/temp_projects/Main_Flow/Main_Flow.pds' (ADS Parser)
I: Flow-6004: Design file modified: "G:/pango_prj/a_b_success/project/source/defect.v". 
File "G:/pango_prj/a_b_success/project/source/tb_defect.v" has been added to project successfully. 
Parse module hierarchy of project 'G:/pango_prj/a_b_success/project/temp_projects/Main_Flow/Main_Flow.pds' (ADS Parser)
Parse module hierarchy of project 'G:/pango_prj/a_b_success/project/temp_projects/Main_Flow/Main_Flow.pds' (ADS Parser)
I: Flow-6004: Design file modified: "G:/pango_prj/a_b_success/project/source/tb_defect.v". 
Parse module hierarchy of project 'G:/pango_prj/a_b_success/project/temp_projects/Main_Flow/Main_Flow.pds' (ADS Parser)
I: Flow-6004: Design file modified: "G:/pango_prj/a_b_success/project/source/tb_defect.v". 
Parse module hierarchy of project 'G:/pango_prj/a_b_success/project/temp_projects/Main_Flow/Main_Flow.pds' (ADS Parser)
I: Flow-6004: Design file modified: "G:/pango_prj/a_b_success/project/source/tb_defect.v". 
Parse module hierarchy of project 'G:/pango_prj/a_b_success/project/temp_projects/Main_Flow/Main_Flow.pds' (ADS Parser)
I: Flow-6004: Design file modified: "G:/pango_prj/a_b_success/project/source/tb_defect.v". 
Parse module hierarchy of project 'G:/pango_prj/a_b_success/project/temp_projects/Main_Flow/Main_Flow.pds' (ADS Parser)
I: Flow-6004: Design file modified: "G:/pango_prj/a_b_success/project/source/tb_defect.v". 
E: Verilog-4020: [G:/pango_prj/a_b_success/project/source/tb_defect.v(line number: 53)] Wait statement is not supported for synthesis
E: Verilog-4031: [G:/pango_prj/a_b_success/project/source/tb_defect.v(line number: 207)] Forever statement is not supported for synthesis
E: Parsing ERROR.
Parse module hierarchy of project 'G:/pango_prj/a_b_success/project/temp_projects/Main_Flow/Main_Flow.pds' (ADS Parser)
I: Flow-6004: Design file modified: "G:/pango_prj/a_b_success/project/source/tb_defect.v". 
File "G:/pango_prj/a_b_success/project/source/tb_defect.v" has been removed from project successfully. 
Parse module hierarchy of project 'G:/pango_prj/a_b_success/project/temp_projects/Main_Flow/Main_Flow.pds' (ADS Parser)
