---------------------------------------------------------------------------------------------------------------------------------------------------------------------------------------------------------------------------------------------------------------------
Notes: 
  Total_num: the numbers of add/sub in rtl
  Module Name: the module name of the instantiated module calling directly the add/sub sub module
  Location/Inst Name: if linefile info exists(no optimization), print the codes location of add/sub in rtl, else print the inst name
  Count: the amount of lutcarry for add/sub
  Number: the numbers of add/sub with the same lutcarry counts and linefile

Detailed RTL Component Info :
-----Add :
               Total_Num :133
-----Sub :
               Total_Num :30
-----AddSub :
               Total_Num :0

Add_Sub_AddSub: Initial Mapping Report :
|----------------------------------------------|---------|---------|---------|---------------------------------------------------------------------------------------------------------------------------------------------------------|
|Module Name                                   |Type     |Count    |Number   |Location/Inst Name                                                                                                                                       |
|----------------------------------------------|---------|---------|---------|---------------------------------------------------------------------------------------------------------------------------------------------------------|
|FA                                            |Add      |10       |1        |../source/RLECCA/feature_accumulator.v:36                                                                                                                |
|----------------------------------------------|---------|---------|---------|---------------------------------------------------------------------------------------------------------------------------------------------------------|
|FA                                            |Add      |20       |1        |u_LinkRunCCA/FA/N59_3                                                                                                                                    |
|----------------------------------------------|---------|---------|---------|---------------------------------------------------------------------------------------------------------------------------------------------------------|
|RGB2YCbCr_inst                                |Add      |17       |1        |RGB2YCbCr_inst/N74_1                                                                                                                                     |
|----------------------------------------------|---------|---------|---------|---------------------------------------------------------------------------------------------------------------------------------------------------------|
|RGB2YCbCr_inst                                |Add      |16       |1        |RGB2YCbCr_inst/N74_2                                                                                                                                     |
|----------------------------------------------|---------|---------|---------|---------------------------------------------------------------------------------------------------------------------------------------------------------|
|U2_ms7210_ctl                                 |Add      |22       |1        |../source/hdmi/ms7210_ctl.v:225                                                                                                                          |
|----------------------------------------------|---------|---------|---------|---------------------------------------------------------------------------------------------------------------------------------------------------------|
|U_ipm2l_fifo_ctrl                             |Add      |14       |4        |../ipcore/fifo_line_buf/rtl/ipm2l_fifo_ctrl_v1_1_fifo_line_buf.v:147                                                                                     |
|----------------------------------------------|---------|---------|---------|---------------------------------------------------------------------------------------------------------------------------------------------------------|
|U_ipm2l_fifo_ctrl                             |Add      |14       |4        |../ipcore/fifo_line_buf/rtl/ipm2l_fifo_ctrl_v1_1_fifo_line_buf.v:95                                                                                      |
|----------------------------------------------|---------|---------|---------|---------------------------------------------------------------------------------------------------------------------------------------------------------|
|U_ipm2l_fifo_ctrl                             |Add      |14       |14       |../ipcore/fifo_line_buf_1bit/rtl/ipm2l_fifo_ctrl_v1_1_fifo_line_buf_1bit.v:147                                                                           |
|----------------------------------------------|---------|---------|---------|---------------------------------------------------------------------------------------------------------------------------------------------------------|
|U_ipm2l_fifo_ctrl                             |Add      |14       |14       |../ipcore/fifo_line_buf_1bit/rtl/ipm2l_fifo_ctrl_v1_1_fifo_line_buf_1bit.v:95                                                                            |
|----------------------------------------------|---------|---------|---------|---------------------------------------------------------------------------------------------------------------------------------------------------------|
|U_ipm2l_fifo_ctrl                             |Add      |12       |1        |../ipcore/u_fifo_bin_erosion/rtl/ipm2l_fifo_ctrl_v1_1_u_fifo_bin_erosion.v:224                                                                           |
|----------------------------------------------|---------|---------|---------|---------------------------------------------------------------------------------------------------------------------------------------------------------|
|U_ipm2l_fifo_ctrl                             |Add      |12       |1        |../ipcore/u_fifo_bin_erosion/rtl/ipm2l_fifo_ctrl_v1_1_u_fifo_bin_erosion.v:269                                                                           |
|----------------------------------------------|---------|---------|---------|---------------------------------------------------------------------------------------------------------------------------------------------------------|
|U_ipm2l_fifo_ctrl                             |Sub      |12       |1        |u_fifo_cache_bin/U_ipm2l_fifo_u_fifo_bin_erosion/U_ipm2l_fifo_ctrl/N138_5                                                                                |
|----------------------------------------------|---------|---------|---------|---------------------------------------------------------------------------------------------------------------------------------------------------------|
|ddrphy_cpd_ctrl                               |Add      |10       |1        |../ipcore/ddr3_test/rtl/ddrphy/ips2l_ddrphy_cpd_ctrl_v1_3.vp:407                                                                                         |
|----------------------------------------------|---------|---------|---------|---------------------------------------------------------------------------------------------------------------------------------------------------------|
|ddrphy_data_slice_wrcal                       |Add      |10       |4        |../ipcore/ddr3_test/rtl/ddrphy/ips2l_ddrphy_data_slice_wrcal_v1_10.vp:598                                                                                |
|----------------------------------------------|---------|---------|---------|---------------------------------------------------------------------------------------------------------------------------------------------------------|
|ddrphy_data_slice_wrcal                       |Add      |10       |4        |../ipcore/ddr3_test/rtl/ddrphy/ips2l_ddrphy_data_slice_wrcal_v1_10.vp:676                                                                                |
|----------------------------------------------|---------|---------|---------|---------------------------------------------------------------------------------------------------------------------------------------------------------|
|ddrphy_dll_update_ctrl                        |Add      |19       |1        |../ipcore/ddr3_test/rtl/ddrphy/ips2l_ddrphy_dll_update_ctrl_v1_3.vp:263                                                                                  |
|----------------------------------------------|---------|---------|---------|---------------------------------------------------------------------------------------------------------------------------------------------------------|
|ddrphy_dqsi_rdel_cal                          |Add      |10       |4        |../ipcore/ddr3_test/rtl/ddrphy/ips2l_ddrphy_dqsi_rdel_cal_v1_3.vp:722                                                                                    |
|----------------------------------------------|---------|---------|---------|---------------------------------------------------------------------------------------------------------------------------------------------------------|
|ddrphy_dqsi_rdel_cal                          |Add      |10       |4        |../ipcore/ddr3_test/rtl/ddrphy/ips2l_ddrphy_dqsi_rdel_cal_v1_3.vp:818                                                                                    |
|----------------------------------------------|---------|---------|---------|---------------------------------------------------------------------------------------------------------------------------------------------------------|
|ddrphy_dqsi_rdel_cal                          |Add      |9        |1        |u_ddr3_test_h/u_ddrphy_top/ddrphy_slice_top/i_dqs_group[0].ddrphy_data_slice/ddrphy_dqsi_rdel_cal/N875_7                                                 |
|----------------------------------------------|---------|---------|---------|---------------------------------------------------------------------------------------------------------------------------------------------------------|
|ddrphy_dqsi_rdel_cal                          |Add      |9        |1        |u_ddr3_test_h/u_ddrphy_top/ddrphy_slice_top/i_dqs_group[0].ddrphy_data_slice/ddrphy_dqsi_rdel_cal/N975_7                                                 |
|----------------------------------------------|---------|---------|---------|---------------------------------------------------------------------------------------------------------------------------------------------------------|
|ddrphy_dqsi_rdel_cal                          |Add      |9        |1        |u_ddr3_test_h/u_ddrphy_top/ddrphy_slice_top/i_dqs_group[1].ddrphy_data_slice/ddrphy_dqsi_rdel_cal/N875_7                                                 |
|----------------------------------------------|---------|---------|---------|---------------------------------------------------------------------------------------------------------------------------------------------------------|
|ddrphy_dqsi_rdel_cal                          |Add      |9        |1        |u_ddr3_test_h/u_ddrphy_top/ddrphy_slice_top/i_dqs_group[1].ddrphy_data_slice/ddrphy_dqsi_rdel_cal/N975_7                                                 |
|----------------------------------------------|---------|---------|---------|---------------------------------------------------------------------------------------------------------------------------------------------------------|
|ddrphy_dqsi_rdel_cal                          |Add      |9        |1        |u_ddr3_test_h/u_ddrphy_top/ddrphy_slice_top/i_dqs_group[2].ddrphy_data_slice/ddrphy_dqsi_rdel_cal/N875_7                                                 |
|----------------------------------------------|---------|---------|---------|---------------------------------------------------------------------------------------------------------------------------------------------------------|
|ddrphy_dqsi_rdel_cal                          |Add      |9        |1        |u_ddr3_test_h/u_ddrphy_top/ddrphy_slice_top/i_dqs_group[2].ddrphy_data_slice/ddrphy_dqsi_rdel_cal/N975_7                                                 |
|----------------------------------------------|---------|---------|---------|---------------------------------------------------------------------------------------------------------------------------------------------------------|
|ddrphy_dqsi_rdel_cal                          |Add      |9        |1        |u_ddr3_test_h/u_ddrphy_top/ddrphy_slice_top/i_dqs_group[3].ddrphy_data_slice/ddrphy_dqsi_rdel_cal/N875_7                                                 |
|----------------------------------------------|---------|---------|---------|---------------------------------------------------------------------------------------------------------------------------------------------------------|
|ddrphy_dqsi_rdel_cal                          |Add      |9        |1        |u_ddr3_test_h/u_ddrphy_top/ddrphy_slice_top/i_dqs_group[3].ddrphy_data_slice/ddrphy_dqsi_rdel_cal/N975_7                                                 |
|----------------------------------------------|---------|---------|---------|---------------------------------------------------------------------------------------------------------------------------------------------------------|
|ddrphy_gatecal                                |Add      |8        |1        |u_ddr3_test_h/u_ddrphy_top/ddrphy_slice_top/i_dqs_group[0].ddrphy_data_slice/ddrphy_data_slice_dqs_gate_cal/ddrphy_gatecal/N245_7                        |
|----------------------------------------------|---------|---------|---------|---------------------------------------------------------------------------------------------------------------------------------------------------------|
|ddrphy_gatecal                                |Add      |8        |1        |u_ddr3_test_h/u_ddrphy_top/ddrphy_slice_top/i_dqs_group[1].ddrphy_data_slice/ddrphy_data_slice_dqs_gate_cal/ddrphy_gatecal/N245_7                        |
|----------------------------------------------|---------|---------|---------|---------------------------------------------------------------------------------------------------------------------------------------------------------|
|ddrphy_gatecal                                |Add      |8        |1        |u_ddr3_test_h/u_ddrphy_top/ddrphy_slice_top/i_dqs_group[2].ddrphy_data_slice/ddrphy_data_slice_dqs_gate_cal/ddrphy_gatecal/N245_7                        |
|----------------------------------------------|---------|---------|---------|---------------------------------------------------------------------------------------------------------------------------------------------------------|
|ddrphy_gatecal                                |Add      |8        |1        |u_ddr3_test_h/u_ddrphy_top/ddrphy_slice_top/i_dqs_group[3].ddrphy_data_slice/ddrphy_data_slice_dqs_gate_cal/ddrphy_gatecal/N245_7                        |
|----------------------------------------------|---------|---------|---------|---------------------------------------------------------------------------------------------------------------------------------------------------------|
|ddrphy_init                                   |Add      |20       |1        |../ipcore/ddr3_test/rtl/ddrphy/ips2l_ddrphy_init_v1_0.vp:670                                                                                             |
|----------------------------------------------|---------|---------|---------|---------------------------------------------------------------------------------------------------------------------------------------------------------|
|ddrphy_init                                   |Add      |20       |1        |../ipcore/ddr3_test/rtl/ddrphy/ips2l_ddrphy_init_v1_0.vp:693                                                                                             |
|----------------------------------------------|---------|---------|---------|---------------------------------------------------------------------------------------------------------------------------------------------------------|
|ddrphy_init                                   |Add      |10       |1        |../ipcore/ddr3_test/rtl/ddrphy/ips2l_ddrphy_init_v1_0.vp:824                                                                                             |
|----------------------------------------------|---------|---------|---------|---------------------------------------------------------------------------------------------------------------------------------------------------------|
|ddrphy_pll_lock_debounce                      |Add      |19       |1        |../ipcore/ddr3_test/rtl/ddrphy/ips2l_ddrphy_rst_debounce_v1_0.vp:125                                                                                     |
|----------------------------------------------|---------|---------|---------|---------------------------------------------------------------------------------------------------------------------------------------------------------|
|ddrphy_wrcal                                  |Add      |18       |1        |../ipcore/ddr3_test/rtl/ddrphy/ips2l_ddrphy_wrcal_v1_7.vp:618                                                                                            |
|----------------------------------------------|---------|---------|---------|---------------------------------------------------------------------------------------------------------------------------------------------------------|
|mcdq_dcd_bm                                   |Add      |13       |1        |../ipcore/ddr3_test/rtl/mcdq_ctrl/ips2l_mcdq_dcd_bm_v1_2.vp:327                                                                                          |
|----------------------------------------------|---------|---------|---------|---------------------------------------------------------------------------------------------------------------------------------------------------------|
|mcdq_dcd_sm                                   |Add      |8        |1        |u_ddr3_test_h/u_ips_ddrc_top/mcdq_dcd_top/mcdq_dcd_sm/N162[9:0]_6                                                                                        |
|----------------------------------------------|---------|---------|---------|---------------------------------------------------------------------------------------------------------------------------------------------------------|
|mcdq_dcp_buf                                  |Add      |7        |1        |../ipcore/ddr3_test/rtl/mcdq_ctrl/ips2l_mcdq_dcp_buf_v1_2.vp:388                                                                                         |
|----------------------------------------------|---------|---------|---------|---------------------------------------------------------------------------------------------------------------------------------------------------------|
|mcdq_ui_axi                                   |Add      |9        |1        |../ipcore/ddr3_test/rtl/mcdq_ctrl/ips2l_mcdq_ui_axi_v1_2a.vp:441                                                                                         |
|----------------------------------------------|---------|---------|---------|---------------------------------------------------------------------------------------------------------------------------------------------------------|
|mcdq_ui_axi                                   |Add      |26       |1        |u_ddr3_test_h/u_ips_ddrc_top/mcdq_ui_axi/N69_2                                                                                                           |
|----------------------------------------------|---------|---------|---------|---------------------------------------------------------------------------------------------------------------------------------------------------------|
|rd_buf                                        |Add      |16       |1        |../source/rtl/rd_buf.v:120                                                                                                                               |
|----------------------------------------------|---------|---------|---------|---------------------------------------------------------------------------------------------------------------------------------------------------------|
|rd_buf                                        |Add      |12       |1        |../source/rtl/rd_buf.v:171                                                                                                                               |
|----------------------------------------------|---------|---------|---------|---------------------------------------------------------------------------------------------------------------------------------------------------------|
|rd_buf                                        |Add      |12       |1        |../source/rtl/rd_buf.v:99                                                                                                                                |
|----------------------------------------------|---------|---------|---------|---------------------------------------------------------------------------------------------------------------------------------------------------------|
|sync_vg                                       |Sub      |8        |1        |../source/rtl/sync_vg.v:144                                                                                                                              |
|----------------------------------------------|---------|---------|---------|---------------------------------------------------------------------------------------------------------------------------------------------------------|
|sync_vg                                       |Sub      |11       |1        |../source/rtl/sync_vg.v:158                                                                                                                              |
|----------------------------------------------|---------|---------|---------|---------------------------------------------------------------------------------------------------------------------------------------------------------|
|sync_vg                                       |Add      |11       |1        |../source/rtl/sync_vg.v:74                                                                                                                               |
|----------------------------------------------|---------|---------|---------|---------------------------------------------------------------------------------------------------------------------------------------------------------|
|sync_vg                                       |Add      |10       |1        |../source/rtl/sync_vg.v:91                                                                                                                               |
|----------------------------------------------|---------|---------|---------|---------------------------------------------------------------------------------------------------------------------------------------------------------|
|u_char_proc                                   |Sub      |11       |1        |../source/img_process/char_proc.v:342                                                                                                                    |
|----------------------------------------------|---------|---------|---------|---------------------------------------------------------------------------------------------------------------------------------------------------------|
|u_char_proc                                   |Add      |11       |1        |../source/img_process/char_proc.v:343                                                                                                                    |
|----------------------------------------------|---------|---------|---------|---------------------------------------------------------------------------------------------------------------------------------------------------------|
|u_char_proc                                   |Sub      |10       |1        |../source/img_process/char_proc.v:346                                                                                                                    |
|----------------------------------------------|---------|---------|---------|---------------------------------------------------------------------------------------------------------------------------------------------------------|
|u_char_proc                                   |Add      |10       |1        |../source/img_process/char_proc.v:347                                                                                                                    |
|----------------------------------------------|---------|---------|---------|---------------------------------------------------------------------------------------------------------------------------------------------------------|
|u_char_proc                                   |Sub      |12       |1        |../source/img_process/char_proc.v:666                                                                                                                    |
|----------------------------------------------|---------|---------|---------|---------------------------------------------------------------------------------------------------------------------------------------------------------|
|u_char_proc                                   |Sub      |11       |1        |../source/img_process/char_proc.v:673                                                                                                                    |
|----------------------------------------------|---------|---------|---------|---------------------------------------------------------------------------------------------------------------------------------------------------------|
|u_char_proc                                   |Sub      |12       |1        |../source/img_process/char_proc.v:679                                                                                                                    |
|----------------------------------------------|---------|---------|---------|---------------------------------------------------------------------------------------------------------------------------------------------------------|
|u_char_proc                                   |Sub      |10       |1        |../source/img_process/char_proc.v:685                                                                                                                    |
|----------------------------------------------|---------|---------|---------|---------------------------------------------------------------------------------------------------------------------------------------------------------|
|u_char_proc                                   |Sub      |12       |1        |../source/img_process/char_proc.v:691                                                                                                                    |
|----------------------------------------------|---------|---------|---------|---------------------------------------------------------------------------------------------------------------------------------------------------------|
|u_char_proc                                   |Sub      |11       |1        |../source/img_process/char_proc.v:697                                                                                                                    |
|----------------------------------------------|---------|---------|---------|---------------------------------------------------------------------------------------------------------------------------------------------------------|
|u_char_proc                                   |Sub      |9        |1        |../source/img_process/char_proc.v:702                                                                                                                    |
|----------------------------------------------|---------|---------|---------|---------------------------------------------------------------------------------------------------------------------------------------------------------|
|u_char_proc                                   |Sub      |12       |1        |../source/img_process/char_proc.v:733                                                                                                                    |
|----------------------------------------------|---------|---------|---------|---------------------------------------------------------------------------------------------------------------------------------------------------------|
|u_defect_coord                                |Sub      |12       |1        |../source/img_process/defect.v:185                                                                                                                       |
|----------------------------------------------|---------|---------|---------|---------------------------------------------------------------------------------------------------------------------------------------------------------|
|u_defect_coord                                |Sub      |11       |1        |../source/img_process/defect.v:186                                                                                                                       |
|----------------------------------------------|---------|---------|---------|---------------------------------------------------------------------------------------------------------------------------------------------------------|
|u_defect_coord                                |Sub      |11       |1        |../source/img_process/defect.v:187                                                                                                                       |
|----------------------------------------------|---------|---------|---------|---------------------------------------------------------------------------------------------------------------------------------------------------------|
|u_defect_coord                                |Sub      |11       |1        |../source/img_process/defect.v:188                                                                                                                       |
|----------------------------------------------|---------|---------|---------|---------------------------------------------------------------------------------------------------------------------------------------------------------|
|u_defect_coord                                |Add      |12       |1        |../source/img_process/defect.v:191                                                                                                                       |
|----------------------------------------------|---------|---------|---------|---------------------------------------------------------------------------------------------------------------------------------------------------------|
|u_defect_coord                                |Sub      |12       |1        |../source/img_process/defect.v:196                                                                                                                       |
|----------------------------------------------|---------|---------|---------|---------------------------------------------------------------------------------------------------------------------------------------------------------|
|u_defect_coord                                |Sub      |11       |1        |../source/img_process/defect.v:197                                                                                                                       |
|----------------------------------------------|---------|---------|---------|---------------------------------------------------------------------------------------------------------------------------------------------------------|
|u_defect_coord                                |Sub      |11       |1        |../source/img_process/defect.v:198                                                                                                                       |
|----------------------------------------------|---------|---------|---------|---------------------------------------------------------------------------------------------------------------------------------------------------------|
|u_defect_coord                                |Sub      |11       |1        |../source/img_process/defect.v:199                                                                                                                       |
|----------------------------------------------|---------|---------|---------|---------------------------------------------------------------------------------------------------------------------------------------------------------|
|u_defect_coord                                |Add      |12       |1        |../source/img_process/defect.v:202                                                                                                                       |
|----------------------------------------------|---------|---------|---------|---------------------------------------------------------------------------------------------------------------------------------------------------------|
|u_defect_coord                                |Add      |12       |1        |../source/img_process/defect.v:278                                                                                                                       |
|----------------------------------------------|---------|---------|---------|---------------------------------------------------------------------------------------------------------------------------------------------------------|
|u_defect_coord                                |Add      |11       |1        |../source/img_process/defect.v:279                                                                                                                       |
|----------------------------------------------|---------|---------|---------|---------------------------------------------------------------------------------------------------------------------------------------------------------|
|u_defect_coord                                |Add      |10       |1        |../source/img_process/defect.v:68                                                                                                                        |
|----------------------------------------------|---------|---------|---------|---------------------------------------------------------------------------------------------------------------------------------------------------------|
|u_defect_coord                                |Sub      |11       |1        |u_defect_coord/N198_4                                                                                                                                    |
|----------------------------------------------|---------|---------|---------|---------------------------------------------------------------------------------------------------------------------------------------------------------|
|u_defect_coord                                |Sub      |12       |1        |u_defect_coord/N206_3                                                                                                                                    |
|----------------------------------------------|---------|---------|---------|---------------------------------------------------------------------------------------------------------------------------------------------------------|
|u_ips2l_ddrphy_rst_clk_phase_adj              |Add      |10       |1        |../ipcore/ddr3_test/rtl/ddrphy/ips2l_ddrphy_rst_clk_phase_adj_v1_0.vp:232                                                                                |
|----------------------------------------------|---------|---------|---------|---------------------------------------------------------------------------------------------------------------------------------------------------------|
|u_ips2l_distributed_fifo_ctr                  |Sub      |7        |2        |../ipcore/ddr3_test/rtl/mcdq_ctrl/distributed_fifo/rtl/ips2l_distributed_fifo_ctr_v1_0.vp:550                                                            |
|----------------------------------------------|---------|---------|---------|---------------------------------------------------------------------------------------------------------------------------------------------------------|
|u_ips2l_distributed_fifo_ctr                  |Sub      |7        |2        |../ipcore/ddr3_test/rtl/mcdq_ctrl/distributed_fifo/rtl/ips2l_distributed_fifo_ctr_v1_0.vp:552                                                            |
|----------------------------------------------|---------|---------|---------|---------------------------------------------------------------------------------------------------------------------------------------------------------|
|u_key0                                        |Add      |20       |1        |../source/key.v:33                                                                                                                                       |
|----------------------------------------------|---------|---------|---------|---------------------------------------------------------------------------------------------------------------------------------------------------------|
|u_key1                                        |Add      |20       |1        |../source/key.v:33                                                                                                                                       |
|----------------------------------------------|---------|---------|---------|---------------------------------------------------------------------------------------------------------------------------------------------------------|
|u_key2                                        |Add      |20       |1        |../source/key.v:33                                                                                                                                       |
|----------------------------------------------|---------|---------|---------|---------------------------------------------------------------------------------------------------------------------------------------------------------|
|u_key3                                        |Add      |20       |1        |../source/key.v:33                                                                                                                                       |
|----------------------------------------------|---------|---------|---------|---------------------------------------------------------------------------------------------------------------------------------------------------------|
|u_matrix_3x3_erosion_1                        |Add      |10       |1        |../source/img_process/matrix_3x3_1bit.v:55                                                                                                               |
|----------------------------------------------|---------|---------|---------|---------------------------------------------------------------------------------------------------------------------------------------------------------|
|u_matrix_3x3_erosion_2                        |Add      |10       |1        |../source/img_process/matrix_3x3_1bit.v:55                                                                                                               |
|----------------------------------------------|---------|---------|---------|---------------------------------------------------------------------------------------------------------------------------------------------------------|
|u_matrix_3x3_erosion_3                        |Add      |10       |1        |../source/img_process/matrix_3x3_1bit.v:55                                                                                                               |
|----------------------------------------------|---------|---------|---------|---------------------------------------------------------------------------------------------------------------------------------------------------------|
|u_matrix_3x3_erosion_4                        |Add      |10       |1        |../source/img_process/matrix_3x3_1bit.v:55                                                                                                               |
|----------------------------------------------|---------|---------|---------|---------------------------------------------------------------------------------------------------------------------------------------------------------|
|u_matrix_3x3_erosion_5                        |Add      |10       |1        |../source/img_process/matrix_3x3_1bit.v:55                                                                                                               |
|----------------------------------------------|---------|---------|---------|---------------------------------------------------------------------------------------------------------------------------------------------------------|
|u_matrix_3x3_erosion_6                        |Add      |10       |1        |../source/img_process/matrix_3x3_1bit.v:55                                                                                                               |
|----------------------------------------------|---------|---------|---------|---------------------------------------------------------------------------------------------------------------------------------------------------------|
|u_matrix_3x3_result                           |Add      |10       |1        |../source/img_process/matrix_3x3_1bit.v:55                                                                                                               |
|----------------------------------------------|---------|---------|---------|---------------------------------------------------------------------------------------------------------------------------------------------------------|
|u_median_matrix_3x3                           |Add      |10       |1        |../source/img_process/matrix_3x3.v:49                                                                                                                    |
|----------------------------------------------|---------|---------|---------|---------------------------------------------------------------------------------------------------------------------------------------------------------|
|u_sobel                                       |Add      |12       |1        |../source/img_process/sobel.v:119                                                                                                                        |
|----------------------------------------------|---------|---------|---------|---------------------------------------------------------------------------------------------------------------------------------------------------------|
|u_sobel                                       |Sub      |11       |1        |u_sobel/N108_3                                                                                                                                           |
|----------------------------------------------|---------|---------|---------|---------------------------------------------------------------------------------------------------------------------------------------------------------|
|u_sobel                                       |Sub      |11       |1        |u_sobel/N109_3                                                                                                                                           |
|----------------------------------------------|---------|---------|---------|---------------------------------------------------------------------------------------------------------------------------------------------------------|
|u_sobel                                       |Add      |11       |1        |u_sobel/N11_1                                                                                                                                            |
|----------------------------------------------|---------|---------|---------|---------------------------------------------------------------------------------------------------------------------------------------------------------|
|u_sobel                                       |Add      |10       |1        |u_sobel/N11_2                                                                                                                                            |
|----------------------------------------------|---------|---------|---------|---------------------------------------------------------------------------------------------------------------------------------------------------------|
|u_sobel                                       |Add      |11       |1        |u_sobel/N20_1                                                                                                                                            |
|----------------------------------------------|---------|---------|---------|---------------------------------------------------------------------------------------------------------------------------------------------------------|
|u_sobel                                       |Add      |10       |1        |u_sobel/N20_2                                                                                                                                            |
|----------------------------------------------|---------|---------|---------|---------------------------------------------------------------------------------------------------------------------------------------------------------|
|u_sobel                                       |Add      |11       |1        |u_sobel/N37_1                                                                                                                                            |
|----------------------------------------------|---------|---------|---------|---------------------------------------------------------------------------------------------------------------------------------------------------------|
|u_sobel                                       |Add      |10       |1        |u_sobel/N37_2                                                                                                                                            |
|----------------------------------------------|---------|---------|---------|---------------------------------------------------------------------------------------------------------------------------------------------------------|
|u_sobel                                       |Add      |11       |1        |u_sobel/N46_1                                                                                                                                            |
|----------------------------------------------|---------|---------|---------|---------------------------------------------------------------------------------------------------------------------------------------------------------|
|u_sobel                                       |Add      |10       |1        |u_sobel/N46_2                                                                                                                                            |
|----------------------------------------------|---------|---------|---------|---------------------------------------------------------------------------------------------------------------------------------------------------------|
|u_sobel_matrix_3x3                            |Add      |10       |1        |../source/img_process/matrix_3x3.v:49                                                                                                                    |
|----------------------------------------------|---------|---------|---------|---------------------------------------------------------------------------------------------------------------------------------------------------------|
|wr_buf                                        |Add      |12       |1        |../source/rtl/wr_buf.v:152                                                                                                                               |
|----------------------------------------------|---------|---------|---------|---------------------------------------------------------------------------------------------------------------------------------------------------------|
|wr_buf                                        |Add      |12       |1        |../source/rtl/wr_buf.v:163                                                                                                                               |
|----------------------------------------------|---------|---------|---------|---------------------------------------------------------------------------------------------------------------------------------------------------------|
|wr_buf                                        |Add      |16       |1        |../source/rtl/wr_buf.v:288                                                                                                                               |
|----------------------------------------------|---------|---------|---------|---------------------------------------------------------------------------------------------------------------------------------------------------------|
|wr_buf                                        |Add      |9        |1        |fram_buf/wr_buf/N102_4                                                                                                                                   |
|----------------------------------------------|---------|---------|---------|---------------------------------------------------------------------------------------------------------------------------------------------------------|
|wr_cmd_trans                                  |Add      |12       |1        |../source/rtl/wr_cmd_trans.v:114                                                                                                                         |
|----------------------------------------------|---------|---------|---------|---------------------------------------------------------------------------------------------------------------------------------------------------------|
|wr_cmd_trans                                  |Add      |16       |1        |../source/rtl/wr_cmd_trans.v:284                                                                                                                         |
|----------------------------------------------|---------|---------|---------|---------------------------------------------------------------------------------------------------------------------------------------------------------|
|wr_cmd_trans                                  |Add      |12       |1        |../source/rtl/wr_cmd_trans.v:329                                                                                                                         |
|----------------------------------------------|---------|---------|---------|---------------------------------------------------------------------------------------------------------------------------------------------------------|
|wr_cmd_trans                                  |Add      |26       |1        |fram_buf/wr_rd_ctrl_top/wr_cmd_trans/N227_2                                                                                                              |
|----------------------------------------------|---------|---------|---------|---------------------------------------------------------------------------------------------------------------------------------------------------------|
|wr_cmd_trans                                  |Add      |26       |1        |fram_buf/wr_rd_ctrl_top/wr_cmd_trans/N86_2                                                                                                               |
|----------------------------------------------|---------|---------|---------|---------------------------------------------------------------------------------------------------------------------------------------------------------|
|HDMI_IN_DDR3_bin_ero_dil_top                  |Add      |14       |1        |../source/rtl/HDMI_IN_DDR3_bin_ero_dil_top.v:138                                                                                                         |
|----------------------------------------------|---------|---------|---------|---------------------------------------------------------------------------------------------------------------------------------------------------------|
|HDMI_IN_DDR3_bin_ero_dil_top                  |Add      |25       |1        |../source/rtl/HDMI_IN_DDR3_bin_ero_dil_top.v:1578                                                                                                        |
|----------------------------------------------|---------|---------|---------|---------------------------------------------------------------------------------------------------------------------------------------------------------|
|HDMI_IN_DDR3_bin_ero_dil_top                  |Sub      |10       |1        |../source/rtl/HDMI_IN_DDR3_bin_ero_dil_top.v:311                                                                                                         |
|----------------------------------------------|---------|---------|---------|---------------------------------------------------------------------------------------------------------------------------------------------------------|
|HDMI_IN_DDR3_bin_ero_dil_top                  |Add      |10       |1        |../source/rtl/HDMI_IN_DDR3_bin_ero_dil_top.v:319                                                                                                         |
|----------------------------------------------|---------|---------|---------|---------------------------------------------------------------------------------------------------------------------------------------------------------|
|HDMI_IN_DDR3_bin_ero_dil_top                  |Add      |11       |1        |N744_6                                                                                                                                                   |
|----------------------------------------------|---------|---------|---------|---------------------------------------------------------------------------------------------------------------------------------------------------------|
|HDMI_IN_DDR3_bin_ero_dil_top                  |Add      |11       |1        |N761_6                                                                                                                                                   |
|----------------------------------------------|---------|---------|---------|---------------------------------------------------------------------------------------------------------------------------------------------------------|
|HDMI_IN_DDR3_bin_ero_dil_top                  |Add      |17       |1        |N812_6                                                                                                                                                   |
|----------------------------------------------|---------|---------|---------|---------------------------------------------------------------------------------------------------------------------------------------------------------|

---------------------------------------------------------------------------------------------------------------------------------------------------------------------------------------------------------------------------------------------------------------------

